Determining if the pthread_create exist failed with the following output:
Change Dir: /home/guest/CLionProjects/temp/cmake-build-debug/CMakeFiles/CMakeTmp

Run Build Command:"/usr/bin/make" "cmTC_a1efd/fast"
/usr/bin/make -f CMakeFiles/cmTC_a1efd.dir/build.make CMakeFiles/cmTC_a1efd.dir/build
make[1]: Entering directory `/home/guest/CLionProjects/temp/cmake-build-debug/CMakeFiles/CMakeTmp'
Building C object CMakeFiles/cmTC_a1efd.dir/CheckSymbolExists.c.o
/usr/bin/cc    -o CMakeFiles/cmTC_a1efd.dir/CheckSymbolExists.c.o   -c /home/guest/CLionProjects/temp/cmake-build-debug/CMakeFiles/CMakeTmp/CheckSymbolExists.c
Linking C executable cmTC_a1efd
/home/guest/Desktop/clion-2018.1/bin/cmake/bin/cmake -E cmake_link_script CMakeFiles/cmTC_a1efd.dir/link.txt --verbose=1
/usr/bin/cc      -rdynamic CMakeFiles/cmTC_a1efd.dir/CheckSymbolExists.c.o  -o cmTC_a1efd 
CMakeFiles/cmTC_a1efd.dir/CheckSymbolExists.c.o: In function `main':
CheckSymbolExists.c:(.text+0x16): undefined reference to `pthread_create'
collect2: error: ld returned 1 exit status
make[1]: *** [cmTC_a1efd] Error 1
make[1]: Leaving directory `/home/guest/CLionProjects/temp/cmake-build-debug/CMakeFiles/CMakeTmp'
make: *** [cmTC_a1efd/fast] Error 2

File /home/guest/CLionProjects/temp/cmake-build-debug/CMakeFiles/CMakeTmp/CheckSymbolExists.c:
/* */
#include <pthread.h>

int main(int argc, char** argv)
{
  (void)argv;
#ifndef pthread_create
  return ((int*)(&pthread_create))[argc];
#else
  (void)argc;
  return 0;
#endif
}

Determining if the function pthread_create exists in the pthreads failed with the following output:
Change Dir: /home/guest/CLionProjects/temp/cmake-build-debug/CMakeFiles/CMakeTmp

Run Build Command:"/usr/bin/make" "cmTC_377ba/fast"
/usr/bin/make -f CMakeFiles/cmTC_377ba.dir/build.make CMakeFiles/cmTC_377ba.dir/build
make[1]: Entering directory `/home/guest/CLionProjects/temp/cmake-build-debug/CMakeFiles/CMakeTmp'
Building C object CMakeFiles/cmTC_377ba.dir/CheckFunctionExists.c.o
/usr/bin/cc   -DCHECK_FUNCTION_EXISTS=pthread_create   -o CMakeFiles/cmTC_377ba.dir/CheckFunctionExists.c.o   -c /home/guest/Desktop/clion-2018.1/bin/cmake/share/cmake-3.10/Modules/CheckFunctionExists.c
Linking C executable cmTC_377ba
/home/guest/Desktop/clion-2018.1/bin/cmake/bin/cmake -E cmake_link_script CMakeFiles/cmTC_377ba.dir/link.txt --verbose=1
/usr/bin/cc  -DCHECK_FUNCTION_EXISTS=pthread_create    -rdynamic CMakeFiles/cmTC_377ba.dir/CheckFunctionExists.c.o  -o cmTC_377ba -lpthreads 
/usr/bin/ld: cannot find -lpthreads
collect2: error: ld returned 1 exit status
make[1]: *** [cmTC_377ba] Error 1
make[1]: Leaving directory `/home/guest/CLionProjects/temp/cmake-build-debug/CMakeFiles/CMakeTmp'
make: *** [cmTC_377ba/fast] Error 2


